<?xml version="1.0" encoding="UTF-8"?>
<!-- Generated by org.testng.reporters.JUnitXMLReporter -->
<testsuite ignored="2" hostname="DESKTOP-5B3SDIE" failures="0" tests="5" name="Car Loan" time="0.056" errors="0" timestamp="2024-11-05T16:30:04 EST">
  <testcase classname="test.day3" name="LoginLoan" time="0.006"/>
  <testcase classname="test.day3" name="MobileLoginCarLoan" time="0.004"/>
  <testcase classname="test.day3" name="MobileLoginCarLoan" time="0.001"/>
  <testcase classname="test.day3" name="MobileLoginCarLoan" time="0.001"/>
  <testcase classname="test.day3" name="MobileSigninCarLoan" time="0.003"/>
  <testcase classname="test.day3" name="MobileLogOutCarLoan" time="0.0">
    <ignored/>
  </testcase> <!-- MobileLogOutCarLoan -->
  <testcase classname="test.day3" name="APILoginLoan" time="0.0">
    <ignored/>
  </testcase> <!-- APILoginLoan -->
</testsuite> <!-- Car Loan -->
