<?xml version="1.0" encoding="UTF-8"?>
<!-- Generated by org.testng.reporters.JUnitXMLReporter -->
<testsuite ignored="5" hostname="DESKTOP-5B3SDIE" failures="0" tests="3" name="Smoke Test" time="0.037" errors="0" timestamp="2024-10-30T14:16:03 EDT">
  <testcase classname="test.day1" name="demo" time="0.009"/>
  <testcase classname="test.day2" name="demo2" time="0.001"/>
  <testcase classname="test.day3" name="LoginLoan" time="0.001"/>
  <testcase classname="test.day1" name="demo1" time="0.0">
    <ignored/>
  </testcase> <!-- demo1 -->
  <testcase classname="test.day3" name="MobileSigninCarLoan" time="0.0">
    <ignored/>
  </testcase> <!-- MobileSigninCarLoan -->
  <testcase classname="test.day3" name="MobileLoginCarLoan" time="0.0">
    <ignored/>
  </testcase> <!-- MobileLoginCarLoan -->
  <testcase classname="test.day3" name="MobileLogOutCarLoan" time="0.0">
    <ignored/>
  </testcase> <!-- MobileLogOutCarLoan -->
  <testcase classname="test.day3" name="APILoginLoan" time="0.0">
    <ignored/>
  </testcase> <!-- APILoginLoan -->
</testsuite> <!-- Smoke Test -->
